<?xml version="1.0" encoding="UTF-8"?>
<testsuite xmlns:xsi="http://www.w3.org/2001/XMLSchema-instance" xsi:noNamespaceSchemaLocation="https://maven.apache.org/surefire/maven-surefire-plugin/xsd/surefire-test-report-3.0.xsd" version="3.0" name="com.upiiz.cam.CamApplicationTests" time="4.291" tests="1" errors="0" skipped="0" failures="0">
  <properties>
[...]
</properties>
  <testcase name="contextLoads" classname="com.upiiz.cam.CamApplicationTests" time="0.388">
    <system-out><![CDATA[20:03:39.650 [main] INFO org.springframework.test.context.support.AnnotationConfigContextLoaderUtils -- Could not detect default configuration classes for test class [com.upiiz.cam.CamApplicationTests]: CamApplicationTests does not declare any static, non-private, non-final, nested classes annotated with @Configuration.
20:03:39.744 [main] INFO org.springframework.boot.test.context.SpringBootTestContextBootstrapper -- Found @SpringBootConfiguration com.upiiz.cam.CamApplication for test class com.upiiz.cam.CamApplicationTests
20:03:39.887 [main] INFO org.springframework.boot.devtools.restart.RestartApplicationListener -- Restart disabled due to context in which it is running

  .   ____          _            __ _ _
 /\\ / ___'_ __ _ _(_)_ __  __ _ \ \ \ \
( ( )\___ | '_ | '_| | '_ \/ _` | \ \ \ \
 \\/  ___)| |_)| | | | | || (_| |  ) ) ) )
  '  |____| .__|_| |_|_| |_\__, | / / / /
 =========|_|==============|___/=/_/_/_/

 :: Spring Boot ::                (v3.3.5)

2024-10-25T20:03:40.102-06:00  INFO 2496 --- [cam] [           main] com.upiiz.cam.CamApplicationTests        : Starting CamApplicationTests using Java 19.0.2 with PID 2496 (started by Raul in C:\Users\Raul\Downloads\cam)
2024-10-25T20:03:40.104-06:00  INFO 2496 --- [cam] [           main] com.upiiz.cam.CamApplicationTests        : No active profile set, falling back to 1 default profile: "default"
2024-10-25T20:03:40.696-06:00  INFO 2496 --- [cam] [           main] .s.d.r.c.RepositoryConfigurationDelegate : Bootstrapping Spring Data JPA repositories in DEFAULT mode.
2024-10-25T20:03:40.746-06:00  INFO 2496 --- [cam] [           main] .s.d.r.c.RepositoryConfigurationDelegate : Finished Spring Data repository scanning in 43 ms. Found 1 JPA repository interface.
2024-10-25T20:03:41.146-06:00  INFO 2496 --- [cam] [           main] o.hibernate.jpa.internal.util.LogHelper  : HHH000204: Processing PersistenceUnitInfo [name: default]
2024-10-25T20:03:41.223-06:00  INFO 2496 --- [cam] [           main] org.hibernate.Version                    : HHH000412: Hibernate ORM core version 6.5.3.Final
2024-10-25T20:03:41.280-06:00  INFO 2496 --- [cam] [           main] o.h.c.internal.RegionFactoryInitiator    : HHH000026: Second-level cache disabled
2024-10-25T20:03:41.649-06:00  INFO 2496 --- [cam] [           main] o.s.o.j.p.SpringPersistenceUnitInfo      : No LoadTimeWeaver setup: ignoring JPA class transformer
2024-10-25T20:03:41.688-06:00  INFO 2496 --- [cam] [           main] com.zaxxer.hikari.HikariDataSource       : HikariPool-1 - Starting...
2024-10-25T20:03:41.839-06:00  INFO 2496 --- [cam] [           main] com.zaxxer.hikari.pool.HikariPool        : HikariPool-1 - Added connection com.mysql.cj.jdbc.ConnectionImpl@2c16677c
2024-10-25T20:03:41.841-06:00  INFO 2496 --- [cam] [           main] com.zaxxer.hikari.HikariDataSource       : HikariPool-1 - Start completed.
2024-10-25T20:03:41.863-06:00  WARN 2496 --- [cam] [           main] org.hibernate.orm.deprecation            : HHH90000025: MySQL8Dialect does not need to be specified explicitly using 'hibernate.dialect' (remove the property setting and it will be selected by default)
2024-10-25T20:03:41.864-06:00  WARN 2496 --- [cam] [           main] org.hibernate.orm.deprecation            : HHH90000026: MySQL8Dialect has been deprecated; use org.hibernate.dialect.MySQLDialect instead
2024-10-25T20:03:42.635-06:00  INFO 2496 --- [cam] [           main] o.h.e.t.j.p.i.JtaPlatformInitiator       : HHH000489: No JTA platform available (set 'hibernate.transaction.jta.platform' to enable JTA platform integration)
Hibernate: drop table if exists cliente
Hibernate: create table cliente (edad integer not null, id bigint not null auto_increment, apellidos varchar(255) not null, direccion varchar(255) not null, email varchar(255) not null, nombre_cliente varchar(255) not null, rfc varchar(255) not null, telefono varchar(255) not null, primary key (id)) engine=InnoDB
Hibernate: alter table cliente add constraint UKcmxo70m08n43599l3h0h07cc6 unique (email)
2024-10-25T20:03:42.688-06:00  INFO 2496 --- [cam] [           main] j.LocalContainerEntityManagerFactoryBean : Initialized JPA EntityManagerFactory for persistence unit 'default'
2024-10-25T20:03:43.042-06:00  WARN 2496 --- [cam] [           main] JpaBaseConfiguration$JpaWebConfiguration : spring.jpa.open-in-view is enabled by default. Therefore, database queries may be performed during view rendering. Explicitly configure spring.jpa.open-in-view to disable this warning
2024-10-25T20:03:43.383-06:00  INFO 2496 --- [cam] [           main] com.upiiz.cam.CamApplicationTests        : Started CamApplicationTests in 3.507 seconds (process running for 4.452)
]]></system-out>
  </testcase>
</testsuite>